<?xml version="1.0" encoding="UTF-8"?>
<!-- Generated by org.testng.reporters.JUnitReportReporter -->
<testsuite hostname="LAPTOP-MP6OLACU" failures="0" tests="1" name="pom.InetBanking_testcases.TC_AddCustomertest_003" time="14.429" errors="0" timestamp="10 Feb 2020 22:22:20 GMT" skipped="0">
  <testcase classname="pom.InetBanking_testcases.TC_AddCustomertest_003" name="addnewcustomer" time="14.429"/>
</testsuite> <!-- pom.InetBanking_testcases.TC_AddCustomertest_003 -->
