<?xml version="1.0" encoding="UTF-8"?>
<!-- Generated by org.testng.reporters.JUnitReportReporter -->
<testsuite hostname="LAPTOP-MP6OLACU" failures="0" tests="1" name="FunctionalTestSuite.PaymentReturns" time="0.011" errors="0" timestamp="21 Jan 2020 02:53:25 GMT" skipped="0">
  <testcase classname="FunctionalTestSuite.PaymentReturns" name="paymentReturnsByBank" time="0.011"/>
</testsuite> <!-- FunctionalTestSuite.PaymentReturns -->
