<?xml version="1.0" encoding="UTF-8"?>
<!-- Generated by org.testng.reporters.JUnitReportReporter -->
<testsuite hostname="LAPTOP-MP6OLACU" failures="0" tests="3" name="SanityTestSuite.LoginTest" time="0.016" errors="0" timestamp="21 Jan 2020 03:22:38 GMT" skipped="0">
  <testcase classname="SanityTestSuite.LoginTest" name="loginByFacebook" time="0.012"/>
  <testcase classname="SanityTestSuite.LoginTest" name="loginByTwitter" time="0.000"/>
  <testcase classname="SanityTestSuite.LoginTest" name="loginMail" time="0.004"/>
</testsuite> <!-- SanityTestSuite.LoginTest -->
