<?xml version="1.0" encoding="UTF-8"?>
<!-- Generated by org.testng.reporters.JUnitReportReporter -->
<testsuite hostname="LAPTOP-MP6OLACU" failures="0" tests="4" name="parameterizationtestNG.dataproviderDemo" time="111.180" errors="0" timestamp="27 Jan 2020 23:16:57 GMT" skipped="0">
  <testcase classname="parameterizationtestNG.dataproviderDemo" name="calculate" time="29.970"/>
  <testcase classname="parameterizationtestNG.dataproviderDemo" name="calculate" time="26.020"/>
  <testcase classname="parameterizationtestNG.dataproviderDemo" name="calculate" time="26.049"/>
  <testcase classname="parameterizationtestNG.dataproviderDemo" name="calculate" time="29.141"/>
</testsuite> <!-- parameterizationtestNG.dataproviderDemo -->
