<?xml version="1.0" encoding="UTF-8"?>
<!-- Generated by org.testng.reporters.JUnitReportReporter -->
<testsuite hostname="LAPTOP-MP6OLACU" failures="0" tests="1" name="parameterizationtestNG.parameterDemo" time="8.259" errors="0" timestamp="27 Jan 2020 18:54:43 GMT" skipped="0">
  <testcase classname="parameterizationtestNG.parameterDemo" name="login" time="8.259"/>
</testsuite> <!-- parameterizationtestNG.parameterDemo -->
