<?xml version="1.0" encoding="UTF-8"?>
<!-- Generated by org.testng.reporters.JUnitReportReporter -->
<testsuite hostname="LAPTOP-MP6OLACU" failures="0" tests="2" name="pom.InetBanking.pageObjects.LoginPage" time="8.004" errors="0" timestamp="27 Dec 2019 13:57:49 GMT" skipped="0">
  <testcase classname="pom.InetBanking.pageObjects.LoginPage" name="setup" time="7.232"/>
  <testcase classname="pom.InetBanking.pageObjects.LoginPage" name="teardown" time="0.772"/>
</testsuite> <!-- pom.InetBanking.pageObjects.LoginPage -->
