<?xml version="1.0" encoding="UTF-8"?>
<!-- Generated by org.testng.reporters.JUnitReportReporter -->
<testsuite hostname="LAPTOP-MP6OLACU" failures="0" tests="3" name="SanityTestSuite.signupTest" time="0.012" errors="0" timestamp="21 Jan 2020 03:33:11 GMT" skipped="0">
  <testcase classname="SanityTestSuite.signupTest" name="signupByTwitter" time="0.000"/>
  <testcase classname="SanityTestSuite.signupTest" name="signupByFacebook" time="0.012"/>
  <testcase classname="SanityTestSuite.signupTest" name="signupByMmail" time="0.000"/>
</testsuite> <!-- SanityTestSuite.signupTest -->
