<?xml version="1.0" encoding="UTF-8"?>
<!-- Generated by org.testng.reporters.JUnitReportReporter -->
<testsuite hostname="LAPTOP-MP6OLACU" failures="0" tests="2" name="SanityTestSuite.PaymentTest" time="0.000" errors="0" timestamp="21 Jan 2020 03:22:38 GMT" skipped="0">
  <testcase classname="SanityTestSuite.PaymentTest" name="paymentinDollar" time="0.000"/>
  <testcase classname="SanityTestSuite.PaymentTest" name="paymentinRupees" time="0.000"/>
</testsuite> <!-- SanityTestSuite.PaymentTest -->
