<?xml version="1.0" encoding="UTF-8"?>
<!-- Generated by org.testng.reporters.JUnitReportReporter -->
<testsuite hostname="LAPTOP-MP6OLACU" failures="0" tests="1" name="pom.InetBanking_testcases.TC_AddCustomertest_003" time="16.097" errors="0" timestamp="10 Feb 2020 19:26:04 GMT" skipped="0">
  <testcase classname="pom.InetBanking_testcases.TC_AddCustomertest_003" name="addnewcustomer" time="16.097"/>
</testsuite> <!-- pom.InetBanking_testcases.TC_AddCustomertest_003 -->
