<?xml version="1.0" encoding="UTF-8"?>
<!-- Generated by org.testng.reporters.JUnitReportReporter -->
<testsuite hostname="LAPTOP-MP6OLACU" failures="0" tests="2" name="pom.InetBanking_pageObjects.baseClass" time="10.088" errors="0" timestamp="31 Jan 2020 21:47:30 GMT" skipped="0">
  <testcase classname="pom.InetBanking_pageObjects.baseClass" name="setup" time="9.246"/>
  <testcase classname="pom.InetBanking_pageObjects.baseClass" name="tearDown" time="0.842"/>
</testsuite> <!-- pom.InetBanking_pageObjects.baseClass -->
