<?xml version="1.0" encoding="UTF-8"?>
<!-- Generated by org.testng.reporters.JUnitReportReporter -->
<testsuite hostname="LAPTOP-MP6OLACU" failures="0" tests="1" name="pom.InetBanking_testcases.TC_loginTest_001" time="3.119" errors="0" timestamp="10 Feb 2020 19:26:04 GMT" skipped="0">
  <testcase classname="pom.InetBanking_testcases.TC_loginTest_001" name="loginTest" time="3.119"/>
</testsuite> <!-- pom.InetBanking_testcases.TC_loginTest_001 -->
