<?xml version="1.0" encoding="UTF-8"?>
<!-- Generated by org.testng.reporters.JUnitReportReporter -->
<testsuite hostname="LAPTOP-MP6OLACU" failures="0" tests="2" name="testNG.testcases.NewTest" time="7.059" errors="0" timestamp="27 Dec 2019 00:55:38 GMT" skipped="0">
  <testcase classname="testNG.testcases.NewTest" name="supportTitle" time="2.365"/>
  <testcase classname="testNG.testcases.NewTest" name="registerTitle" time="4.694"/>
</testsuite> <!-- testNG.testcases.NewTest -->
